<?xml version="1.0" encoding="UTF-8"?>
<!-- Generated by org.testng.reporters.JUnitReportReporter -->
<testsuite hostname="DESKTOP-VMLBR8N" failures="0" tests="1" name="testScenario.HomePage.PayRoll_Test" time="49.905" errors="0" timestamp="2023-07-22T08:49:24 IST" skipped="0">
  <testcase classname="testScenario.HomePage.PayRoll_Test" name="TC01_PayRollTest" time="49.905"/>
</testsuite> <!-- testScenario.HomePage.PayRoll_Test -->
